#
# There is insufficient memory for the Java Runtime Environment to continue.
# Native memory allocation (mmap) failed to map 255852544 bytes for G1 virtual space
# Possible reasons:
#   The system is out of physical RAM or swap space
#   The process is running with CompressedOops enabled, and the Java Heap may be blocking the growth of the native heap
# Possible solutions:
#   Reduce memory load on the system
#   Increase physical memory or swap space
#   Check if swap backing store is full
#   Decrease Java heap size (-Xmx/-Xms)
#   Decrease number of Java threads
#   Decrease Java thread stack sizes (-Xss)
#   Set larger code cache with -XX:ReservedCodeCacheSize=
#   JVM is running with Zero Based Compressed Oops mode in which the Java heap is
#     placed in the first 32GB address space. The Java Heap base address is the
#     maximum limit for the native heap growth. Please use -XX:HeapBaseMinAddress
#     to set the Java Heap base and to place the Java Heap above 32GB virtual address.
# This output file may be truncated or incomplete.
#
#  Out of Memory Error (os_windows.cpp:3530), pid=17320, tid=11908
#
# JRE version:  (18.0.1+10) (build )
# Java VM: Java HotSpot(TM) 64-Bit Server VM (18.0.1+10-24, mixed mode, sharing, tiered, compressed oops, compressed class ptrs, g1 gc, windows-amd64)
# No core dump will be written. Minidumps are not enabled by default on client versions of Windows
#

---------------  S U M M A R Y ------------

Command Line: -javaagent:C:\Program Files\JetBrains\IntelliJ IDEA 2023.1.2\lib\idea_rt.jar=58568:C:\Program Files\JetBrains\IntelliJ IDEA 2023.1.2\bin -Dfile.encoding=UTF-8 -Dsun.stdout.encoding=UTF-8 -Dsun.stderr.encoding=UTF-8 Array.missing_number

Host: AMD Ryzen 5 4500U with Radeon Graphics         , 6 cores, 15G,  Windows 10 , 64 bit Build 19041 (10.0.19041.2913)
Time: Sun May 21 21:52:52 2023 Pacific Daylight Time elapsed time: 0.021023 seconds (0d 0h 0m 0s)

---------------  T H R E A D  ---------------

Current thread (0x000002393e0f0920):  JavaThread "Unknown thread" [_thread_in_vm, id=11908, stack(0x000000de4c300000,0x000000de4c400000)]

Stack: [0x000000de4c300000,0x000000de4c400000]
Native frames: (J=compiled Java code, j=interpreted, Vv=VM code, C=native code)
V  [jvm.dll+0x69887a]
V  [jvm.dll+0x7f38bd]
V  [jvm.dll+0x7f51ce]
V  [jvm.dll+0x7f5883]
V  [jvm.dll+0x25ca3f]
V  [jvm.dll+0x6957c9]
V  [jvm.dll+0x68a2fa]
V  [jvm.dll+0x321efb]
V  [jvm.dll+0x3298d6]
V  [jvm.dll+0x37e47e]
V  [jvm.dll+0x37e6af]
V  [jvm.dll+0x2f9c7a]
V  [jvm.dll+0x2facdd]
V  [jvm.dll+0x7c24f0]
V  [jvm.dll+0x38b801]
V  [jvm.dll+0x7a1203]
V  [jvm.dll+0x40d6bf]
V  [jvm.dll+0x40f091]
C  [jli.dll+0x526b]
C  [ucrtbase.dll+0x21bb2]
C  [KERNEL32.DLL+0x17614]
C  [ntdll.dll+0x526a1]


---------------  P R O C E S S  ---------------

Threads class SMR info:
_java_thread_list=0x00007ffb1c7fd550, length=0, elements={
}

Java Threads: ( => current thread )

Other Threads:
  0x000002393e15fef0 WorkerThread "GC Thread#0" [stack: 0x000000de4c400000,0x000000de4c500000] [id=17280]
  0x000002393e1710d0 ConcurrentGCThread "G1 Main Marker" [stack: 0x000000de4c500000,0x000000de4c600000] [id=5828]
  0x000002393e1748f0 WorkerThread "G1 Conc#0" [stack: 0x000000de4c600000,0x000000de4c700000] [id=14420]

[error occurred during error reporting (printing all threads), id 0xc0000005, EXCEPTION_ACCESS_VIOLATION (0xc0000005) at pc=0x00007ffb1c02a217]

VM state: not at safepoint (not fully initialized)

VM Mutex/Monitor currently owned by a thread:  ([mutex/lock_event])
[0x000002393e0ed070] Heap_lock - owner thread: 0x000002393e0f0920

Heap address: 0x000000070c600000, size: 3898 MB, Compressed Oops mode: Zero based, Oop shift amount: 3

CDS archive(s) mapped at: [0x0000000000000000-0x0000000000000000-0x0000000000000000), size 0, SharedBaseAddress: 0x0000000800000000, ArchiveRelocationMode: 0.
Narrow klass base: 0x0000000000000000, Narrow klass shift: 0, Narrow klass range: 0x0

GC Precious Log:
 CardTable entry size: 512
 Card Set container configuration: InlinePtr #cards 4 size 8 Array Of Cards #cards 16 size 48 Howl #buckets 8 coarsen threshold 3686 Howl Bitmap #cards 512 size 80 coarsen threshold 460 Card regions per heap region 1 cards per card region 4096

Heap:
 garbage-first heap   total 0K, used 0K [0x000000070c600000, 0x0000000800000000)
  region size 2048K, 0 young (0K), 0 survivors (0K)

[error occurred during error reporting (printing heap information), id 0xc0000005, EXCEPTION_ACCESS_VIOLATION (0xc0000005) at pc=0x00007ffb1c410cb9]

GC Heap History (0 events):
No events

Deoptimization events (0 events):
No events

Classes loaded (0 events):
No events

Classes unloaded (0 events):
No events

Classes redefined (0 events):
No events

Internal exceptions (0 events):
No events

VM Operations (0 events):
No events

Events (1 events):
Event: 0.014 Loaded shared library C:\Program Files\Java\jdk-18.0.1\bin\java.dll


Dynamic libraries:
0x00007ff777340000 - 0x00007ff777350000 	C:\Program Files\Java\jdk-18.0.1\bin\java.exe
0x00007ffb52110000 - 0x00007ffb52308000 	C:\WINDOWS\SYSTEM32\ntdll.dll
0x00007ffb50b10000 - 0x00007ffb50bcf000 	C:\WINDOWS\System32\KERNEL32.DLL
0x00007ffb4fbc0000 - 0x00007ffb4feb6000 	C:\WINDOWS\System32\KERNELBASE.dll
0x00007ffb4a0d0000 - 0x00007ffb4a0e8000 	C:\Program Files\Java\jdk-18.0.1\bin\jli.dll
0x00007ffb4ae80000 - 0x00007ffb4ae9a000 	C:\Program Files\Java\jdk-18.0.1\bin\VCRUNTIME140.dll
0x00007ffb51600000 - 0x00007ffb516af000 	C:\WINDOWS\System32\ADVAPI32.dll
0x00007ffb502d0000 - 0x00007ffb5036e000 	C:\WINDOWS\System32\msvcrt.dll
0x00007ffb51710000 - 0x00007ffb517ac000 	C:\WINDOWS\System32\sechost.dll
0x00007ffb4fac0000 - 0x00007ffb4fbc0000 	C:\WINDOWS\System32\ucrtbase.dll
0x00007ffb501a0000 - 0x00007ffb502c6000 	C:\WINDOWS\System32\RPCRT4.dll
0x00007ffb508c0000 - 0x00007ffb50a5d000 	C:\WINDOWS\System32\USER32.dll
0x00007ffb38af0000 - 0x00007ffb38d8a000 	C:\WINDOWS\WinSxS\amd64_microsoft.windows.common-controls_6595b64144ccf1df_6.0.19041.1110_none_60b5254171f9507e\COMCTL32.dll
0x00007ffb4f7f0000 - 0x00007ffb4f812000 	C:\WINDOWS\System32\win32u.dll
0x00007ffb50170000 - 0x00007ffb5019c000 	C:\WINDOWS\System32\GDI32.dll
0x00007ffb4ffd0000 - 0x00007ffb500e5000 	C:\WINDOWS\System32\gdi32full.dll
0x00007ffb4ff30000 - 0x00007ffb4ffcd000 	C:\WINDOWS\System32\msvcp_win.dll
0x00007ffb464c0000 - 0x00007ffb464ca000 	C:\WINDOWS\SYSTEM32\VERSION.dll
0x00007ffb50bd0000 - 0x00007ffb50c00000 	C:\WINDOWS\System32\IMM32.DLL
0x00007ffb49360000 - 0x00007ffb4936c000 	C:\Program Files\Java\jdk-18.0.1\bin\vcruntime140_1.dll
0x00007ffb337d0000 - 0x00007ffb3385d000 	C:\Program Files\Java\jdk-18.0.1\bin\msvcp140.dll
0x00007ffb1bd20000 - 0x00007ffb1c930000 	C:\Program Files\Java\jdk-18.0.1\bin\server\jvm.dll
0x00007ffb515f0000 - 0x00007ffb515f8000 	C:\WINDOWS\System32\PSAPI.DLL
0x00007ffb4aed0000 - 0x00007ffb4aed9000 	C:\WINDOWS\SYSTEM32\WSOCK32.dll
0x00007ffb43f90000 - 0x00007ffb43fb7000 	C:\WINDOWS\SYSTEM32\WINMM.dll
0x00007ffb50db0000 - 0x00007ffb50e1b000 	C:\WINDOWS\System32\WS2_32.dll
0x00007ffb4dea0000 - 0x00007ffb4deb2000 	C:\WINDOWS\SYSTEM32\kernel.appcore.dll
0x00007ffb49350000 - 0x00007ffb4935a000 	C:\Program Files\Java\jdk-18.0.1\bin\jimage.dll
0x00007ffb4d4e0000 - 0x00007ffb4d6c4000 	C:\WINDOWS\SYSTEM32\DBGHELP.DLL
0x00007ffb3d130000 - 0x00007ffb3d164000 	C:\WINDOWS\SYSTEM32\dbgcore.DLL
0x00007ffb4f820000 - 0x00007ffb4f8a2000 	C:\WINDOWS\System32\bcryptPrimitives.dll
0x00007ffb46200000 - 0x00007ffb4620e000 	C:\Program Files\Java\jdk-18.0.1\bin\instrument.dll
0x00007ffb44750000 - 0x00007ffb44775000 	C:\Program Files\Java\jdk-18.0.1\bin\java.dll

dbghelp: loaded successfully - version: 4.0.5 - missing functions: none
symbol engine: initialized successfully - sym options: 0x614 - pdb path: .;C:\Program Files\Java\jdk-18.0.1\bin;C:\WINDOWS\SYSTEM32;C:\WINDOWS\WinSxS\amd64_microsoft.windows.common-controls_6595b64144ccf1df_6.0.19041.1110_none_60b5254171f9507e;C:\Program Files\Java\jdk-18.0.1\bin\server

VM Arguments:
jvm_args: -javaagent:C:\Program Files\JetBrains\IntelliJ IDEA 2023.1.2\lib\idea_rt.jar=58568:C:\Program Files\JetBrains\IntelliJ IDEA 2023.1.2\bin -Dfile.encoding=UTF-8 -Dsun.stdout.encoding=UTF-8 -Dsun.stderr.encoding=UTF-8 
java_command: Array.missing_number
java_class_path (initial): C:\Users\dpatel112\IdeaProjects\DSA_Java\out\production\DSA_Java;C:\Users\dpatel112\.m2\repository\org\jetbrains\kotlin\kotlin-stdlib-jdk8\1.8.0\kotlin-stdlib-jdk8-1.8.0.jar;C:\Users\dpatel112\.m2\repository\org\jetbrains\kotlin\kotlin-stdlib\1.8.0\kotlin-stdlib-1.8.0.jar;C:\Users\dpatel112\.m2\repository\org\jetbrains\kotlin\kotlin-stdlib-common\1.8.0\kotlin-stdlib-common-1.8.0.jar;C:\Users\dpatel112\.m2\repository\org\jetbrains\annotations\13.0\annotations-13.0.jar;C:\Users\dpatel112\.m2\repository\org\jetbrains\kotlin\kotlin-stdlib-jdk7\1.8.0\kotlin-stdlib-jdk7-1.8.0.jar
Launcher Type: SUN_STANDARD

[Global flags]
     intx CICompilerCount                          = 3                                         {product} {ergonomic}
     uint ConcGCThreads                            = 2                                         {product} {ergonomic}
     uint G1ConcRefinementThreads                  = 6                                         {product} {ergonomic}
   size_t G1HeapRegionSize                         = 2097152                                   {product} {ergonomic}
    uintx GCDrainStackTargetSize                   = 64                                        {product} {ergonomic}
   size_t InitialHeapSize                          = 255852544                                 {product} {ergonomic}
   size_t MarkStackSize                            = 4194304                                   {product} {ergonomic}
   size_t MaxHeapSize                              = 4087349248                                {product} {ergonomic}
   size_t MinHeapDeltaBytes                        = 2097152                                   {product} {ergonomic}
   size_t MinHeapSize                              = 8388608                                   {product} {ergonomic}
    uintx NonNMethodCodeHeapSize                   = 5832780                                {pd product} {ergonomic}
    uintx NonProfiledCodeHeapSize                  = 122912730                              {pd product} {ergonomic}
    uintx ProfiledCodeHeapSize                     = 122912730                              {pd product} {ergonomic}
    uintx ReservedCodeCacheSize                    = 251658240                              {pd product} {ergonomic}
     bool SegmentedCodeCache                       = true                                      {product} {ergonomic}
   size_t SoftMaxHeapSize                          = 4087349248                             {manageable} {ergonomic}
     bool UseCompressedClassPointers               = true                           {product lp64_product} {ergonomic}
     bool UseCompressedOops                        = true                           {product lp64_product} {ergonomic}
     bool UseG1GC                                  = true                                      {product} {ergonomic}
     bool UseLargePagesIndividualAllocation        = false                                  {pd product} {ergonomic}

Logging:
Log output configuration:
 #0: stdout all=warning uptime,level,tags foldmultilines=false
 #1: stderr all=off uptime,level,tags foldmultilines=false

Environment Variables:
JAVA_HOME=C:\Program Files\Java\jdk-18.0.1
CLASSPATH=C:\mysql-connector.jar;.;
PATH=C:\Program Files\Common Files\Oracle\Java\javapath;C:\Program Files (x86)\VMware\VMware Workstation\bin\;C:\WINDOWS\system32;C:\WINDOWS;C:\WINDOWS\System32\Wbem;C:\WINDOWS\System32\WindowsPowerShell\v1.0\;C:\WINDOWS\System32\OpenSSH\;C:\Program Files\Git\cmd;C:\Program Files\nodejs\;C:\Users\dpatel112\AppData\Local\Programs\Python\Python39;C:\Program Files\Common Files\Oracle\Java\javapath;C:\Program Files (x86)\VMware\VMware Workstation\bin\;C:\WINDOWS\system32;C:\WINDOWS;C:\WINDOWS\System32\Wbem;C:\WINDOWS\System32\WindowsPowerShell\v1.0\;C:\WINDOWS\System32\OpenSSH\;C:\Program Files\Git\cmd;C:\Program Files\nodejs\;C:\Program Files\MySQL\MySQL Shell 8.0\bin\;C:\Users\dpatel112\AppData\Local\Microsoft\WindowsApps;C:\Users\dpatel112\AppData\Local\Programs\Microsoft VS Code\bin;C:\Users\dpatel112\AppData\Local\GitHubDesktop\bin;C:\Program Files\JetBrains\IntelliJ IDEA Community Edition 2022.3.2\bin;C:\Users\dpatel112\AppData\Roaming\npm;C:\Python39\Scripts;C:\Users\dpatel112\AppData\Local\Programs\Python\Python39\Scripts;
USERNAME=dpatel112
OS=Windows_NT
PROCESSOR_IDENTIFIER=AMD64 Family 23 Model 96 Stepping 1, AuthenticAMD



---------------  S Y S T E M  ---------------

OS:
 Windows 10 , 64 bit Build 19041 (10.0.19041.2913)
OS uptime: 1 days 2:20 hours

CPU: total 6 (initial active 6) (6 cores per cpu, 1 threads per core) family 23 model 96 stepping 1 microcode 0x0, cx8, cmov, fxsr, mmx, 3dnowpref, sse, sse2, sse3, ssse3, sse4a, sse4.1, sse4.2, popcnt, lzcnt, tsc, tscinvbit, avx, avx2, aes, clmul, bmi1, bmi2, adx, sha, fma, vzeroupper, clflush, clflushopt

Memory: 4k page, system-wide physical 15591M (3498M free)
TotalPageFile size 45956M (AvailPageFile size 79M)
current process WorkingSet (physical memory assigned to process): 10M, peak: 10M
current process commit charge ("private bytes"): 56M, peak: 300M

vm_info: Java HotSpot(TM) 64-Bit Server VM (18.0.1+10-24) for windows-amd64 JRE (18.0.1+10-24), built on Mar  9 2022 22:41:56 by "mach5one" with MS VC++ 16.8 / 16.9 (VS2019)

END.
